<?xml version="1.0" encoding="UTF-8"?>
<testsuite xmlns:xsi="http://www.w3.org/2001/XMLSchema-instance" xsi:noNamespaceSchemaLocation="https://maven.apache.org/surefire/maven-surefire-plugin/xsd/surefire-test-report-3.0.xsd" version="3.0" name="com.example.calculator.CalculatorTest" time="0.054" tests="7" errors="0" skipped="0" failures="0">
  <properties>
    <property name="java.specification.version" value="21"/>
    <property name="sun.cpu.isalist" value="amd64"/>
    <property name="sun.jnu.encoding" value="Cp1252"/>
    <property name="java.class.path" value="C:\Users\luisl\Desktop\calculator-vaadin\calculator-vaadin\target\test-classes;C:\Users\luisl\Desktop\calculator-vaadin\calculator-vaadin\target\classes;C:\Users\luisl\.m2\repository\org\seleniumhq\selenium\selenium-java\4.14.0\selenium-java-4.14.0.jar;C:\Users\luisl\.m2\repository\org\seleniumhq\selenium\selenium-api\4.8.3\selenium-api-4.8.3.jar;C:\Users\luisl\.m2\repository\org\seleniumhq\selenium\selenium-chrome-driver\4.8.3\selenium-chrome-driver-4.8.3.jar;C:\Users\luisl\.m2\repository\com\google\auto\service\auto-service-annotations\1.0.1\auto-service-annotations-1.0.1.jar;C:\Users\luisl\.m2\repository\com\google\auto\service\auto-service\1.0.1\auto-service-1.0.1.jar;C:\Users\luisl\.m2\repository\com\google\auto\auto-common\1.2\auto-common-1.2.jar;C:\Users\luisl\.m2\repository\com\google\guava\guava\31.1-jre\guava-31.1-jre.jar;C:\Users\luisl\.m2\repository\com\google\guava\failureaccess\1.0.1\failureaccess-1.0.1.jar;C:\Users\luisl\.m2\repository\com\google\guava\listenablefuture\9999.0-empty-to-avoid-conflict-with-guava\listenablefuture-9999.0-empty-to-avoid-conflict-with-guava.jar;C:\Users\luisl\.m2\repository\com\google\code\findbugs\jsr305\3.0.2\jsr305-3.0.2.jar;C:\Users\luisl\.m2\repository\org\checkerframework\checker-qual\3.12.0\checker-qual-3.12.0.jar;C:\Users\luisl\.m2\repository\com\google\errorprone\error_prone_annotations\2.11.0\error_prone_annotations-2.11.0.jar;C:\Users\luisl\.m2\repository\com\google\j2objc\j2objc-annotations\1.3\j2objc-annotations-1.3.jar;C:\Users\luisl\.m2\repository\org\seleniumhq\selenium\selenium-chromium-driver\4.8.3\selenium-chromium-driver-4.8.3.jar;C:\Users\luisl\.m2\repository\org\seleniumhq\selenium\selenium-json\4.8.3\selenium-json-4.8.3.jar;C:\Users\luisl\.m2\repository\org\seleniumhq\selenium\selenium-manager\4.8.3\selenium-manager-4.8.3.jar;C:\Users\luisl\.m2\repository\org\seleniumhq\selenium\selenium-devtools-v116\4.14.0\selenium-devtools-v116-4.14.0.jar;C:\Users\luisl\.m2\repository\org\seleniumhq\selenium\selenium-devtools-v117\4.14.0\selenium-devtools-v117-4.14.0.jar;C:\Users\luisl\.m2\repository\org\seleniumhq\selenium\selenium-devtools-v118\4.14.0\selenium-devtools-v118-4.14.0.jar;C:\Users\luisl\.m2\repository\org\seleniumhq\selenium\selenium-devtools-v85\4.8.3\selenium-devtools-v85-4.8.3.jar;C:\Users\luisl\.m2\repository\org\seleniumhq\selenium\selenium-edge-driver\4.8.3\selenium-edge-driver-4.8.3.jar;C:\Users\luisl\.m2\repository\org\seleniumhq\selenium\selenium-firefox-driver\4.8.3\selenium-firefox-driver-4.8.3.jar;C:\Users\luisl\.m2\repository\org\seleniumhq\selenium\selenium-http\4.8.3\selenium-http-4.8.3.jar;C:\Users\luisl\.m2\repository\dev\failsafe\failsafe\3.3.1\failsafe-3.3.1.jar;C:\Users\luisl\.m2\repository\org\seleniumhq\selenium\selenium-ie-driver\4.8.3\selenium-ie-driver-4.8.3.jar;C:\Users\luisl\.m2\repository\org\seleniumhq\selenium\selenium-remote-driver\4.8.3\selenium-remote-driver-4.8.3.jar;C:\Users\luisl\.m2\repository\com\beust\jcommander\1.82\jcommander-1.82.jar;C:\Users\luisl\.m2\repository\io\netty\netty-buffer\4.1.97.Final\netty-buffer-4.1.97.Final.jar;C:\Users\luisl\.m2\repository\io\netty\netty-codec-http\4.1.97.Final\netty-codec-http-4.1.97.Final.jar;C:\Users\luisl\.m2\repository\io\netty\netty-codec\4.1.97.Final\netty-codec-4.1.97.Final.jar;C:\Users\luisl\.m2\repository\io\netty\netty-handler\4.1.97.Final\netty-handler-4.1.97.Final.jar;C:\Users\luisl\.m2\repository\io\netty\netty-common\4.1.97.Final\netty-common-4.1.97.Final.jar;C:\Users\luisl\.m2\repository\io\netty\netty-transport-classes-epoll\4.1.97.Final\netty-transport-classes-epoll-4.1.97.Final.jar;C:\Users\luisl\.m2\repository\io\netty\netty-transport-classes-kqueue\4.1.97.Final\netty-transport-classes-kqueue-4.1.97.Final.jar;C:\Users\luisl\.m2\repository\io\netty\netty-transport-native-epoll\4.1.97.Final\netty-transport-native-epoll-4.1.97.Final.jar;C:\Users\luisl\.m2\repository\io\netty\netty-transport-native-kqueue\4.1.97.Final\netty-transport-native-kqueue-4.1.97.Final.jar;C:\Users\luisl\.m2\repository\io\netty\netty-transport-native-unix-common\4.1.97.Final\netty-transport-native-unix-common-4.1.97.Final.jar;C:\Users\luisl\.m2\repository\io\netty\netty-transport\4.1.97.Final\netty-transport-4.1.97.Final.jar;C:\Users\luisl\.m2\repository\io\netty\netty-resolver\4.1.97.Final\netty-resolver-4.1.97.Final.jar;C:\Users\luisl\.m2\repository\io\opentelemetry\opentelemetry-api\1.25.0\opentelemetry-api-1.25.0.jar;C:\Users\luisl\.m2\repository\io\opentelemetry\opentelemetry-context\1.25.0\opentelemetry-context-1.25.0.jar;C:\Users\luisl\.m2\repository\io\opentelemetry\opentelemetry-exporter-logging\1.25.0\opentelemetry-exporter-logging-1.25.0.jar;C:\Users\luisl\.m2\repository\io\opentelemetry\opentelemetry-sdk-metrics\1.25.0\opentelemetry-sdk-metrics-1.25.0.jar;C:\Users\luisl\.m2\repository\io\opentelemetry\opentelemetry-sdk-logs\1.25.0-alpha\opentelemetry-sdk-logs-1.25.0-alpha.jar;C:\Users\luisl\.m2\repository\io\opentelemetry\opentelemetry-api-logs\1.25.0-alpha\opentelemetry-api-logs-1.25.0-alpha.jar;C:\Users\luisl\.m2\repository\io\opentelemetry\opentelemetry-api-events\1.25.0-alpha\opentelemetry-api-events-1.25.0-alpha.jar;C:\Users\luisl\.m2\repository\io\opentelemetry\opentelemetry-sdk-common\1.25.0\opentelemetry-sdk-common-1.25.0.jar;C:\Users\luisl\.m2\repository\io\opentelemetry\opentelemetry-sdk-extension-autoconfigure-spi\1.25.0\opentelemetry-sdk-extension-autoconfigure-spi-1.25.0.jar;C:\Users\luisl\.m2\repository\io\opentelemetry\opentelemetry-sdk-extension-autoconfigure\1.24.0-alpha\opentelemetry-sdk-extension-autoconfigure-1.24.0-alpha.jar;C:\Users\luisl\.m2\repository\io\opentelemetry\opentelemetry-sdk-trace\1.25.0\opentelemetry-sdk-trace-1.25.0.jar;C:\Users\luisl\.m2\repository\io\opentelemetry\opentelemetry-sdk\1.25.0\opentelemetry-sdk-1.25.0.jar;C:\Users\luisl\.m2\repository\io\opentelemetry\opentelemetry-semconv\1.24.0-alpha\opentelemetry-semconv-1.24.0-alpha.jar;C:\Users\luisl\.m2\repository\io\ous\jtoml\2.0.0\jtoml-2.0.0.jar;C:\Users\luisl\.m2\repository\net\bytebuddy\byte-buddy\1.14.6\byte-buddy-1.14.6.jar;C:\Users\luisl\.m2\repository\org\apache\commons\commons-exec\1.3\commons-exec-1.3.jar;C:\Users\luisl\.m2\repository\org\asynchttpclient\async-http-client\2.12.3\async-http-client-2.12.3.jar;C:\Users\luisl\.m2\repository\org\asynchttpclient\async-http-client-netty-utils\2.12.3\async-http-client-netty-utils-2.12.3.jar;C:\Users\luisl\.m2\repository\io\netty\netty-codec-socks\4.1.97.Final\netty-codec-socks-4.1.97.Final.jar;C:\Users\luisl\.m2\repository\io\netty\netty-handler-proxy\4.1.97.Final\netty-handler-proxy-4.1.97.Final.jar;C:\Users\luisl\.m2\repository\io\netty\netty-transport-native-epoll\4.1.97.Final\netty-transport-native-epoll-4.1.97.Final-linux-x86_64.jar;C:\Users\luisl\.m2\repository\io\netty\netty-transport-native-kqueue\4.1.97.Final\netty-transport-native-kqueue-4.1.97.Final-osx-x86_64.jar;C:\Users\luisl\.m2\repository\org\reactivestreams\reactive-streams\1.0.4\reactive-streams-1.0.4.jar;C:\Users\luisl\.m2\repository\com\typesafe\netty\netty-reactive-streams\2.0.4\netty-reactive-streams-2.0.4.jar;C:\Users\luisl\.m2\repository\com\sun\activation\jakarta.activation\1.2.2\jakarta.activation-1.2.2.jar;C:\Users\luisl\.m2\repository\org\seleniumhq\selenium\selenium-safari-driver\4.8.3\selenium-safari-driver-4.8.3.jar;C:\Users\luisl\.m2\repository\org\seleniumhq\selenium\selenium-support\4.8.3\selenium-support-4.8.3.jar;C:\Users\luisl\.m2\repository\com\vaadin\vaadin-spring-boot-starter\24.4.13\vaadin-spring-boot-starter-24.4.13.jar;C:\Users\luisl\.m2\repository\com\vaadin\vaadin-spring\24.4.9\vaadin-spring-24.4.9.jar;C:\Users\luisl\.m2\repository\com\vaadin\flow-server\24.4.9\flow-server-24.4.9.jar;C:\Users\luisl\.m2\repository\com\vaadin\servletdetector\throw-if-servlet3\1.0.2\throw-if-servlet3-1.0.2.jar;C:\Users\luisl\.m2\repository\com\vaadin\external\gwt\gwt-elemental\2.8.2.vaadin2\gwt-elemental-2.8.2.vaadin2.jar;C:\Users\luisl\.m2\repository\org\apache\commons\commons-fileupload2-jakarta\2.0.0-M1\commons-fileupload2-jakarta-2.0.0-M1.jar;C:\Users\luisl\.m2\repository\org\apache\commons\commons-fileupload2-core\2.0.0-M1\commons-fileupload2-core-2.0.0-M1.jar;C:\Users\luisl\.m2\repository\commons-io\commons-io\2.16.1\commons-io-2.16.1.jar;C:\Users\luisl\.m2\repository\com\fasterxml\jackson\core\jackson-core\2.15.2\jackson-core-2.15.2.jar;C:\Users\luisl\.m2\repository\com\fasterxml\jackson\core\jackson-databind\2.15.2\jackson-databind-2.15.2.jar;C:\Users\luisl\.m2\repository\com\fasterxml\jackson\core\jackson-annotations\2.15.2\jackson-annotations-2.15.2.jar;C:\Users\luisl\.m2\repository\com\fasterxml\jackson\datatype\jackson-datatype-jsr310\2.15.2\jackson-datatype-jsr310-2.15.2.jar;C:\Users\luisl\.m2\repository\org\jsoup\jsoup\1.17.2\jsoup-1.17.2.jar;C:\Users\luisl\.m2\repository\com\helger\ph-css\7.0.2\ph-css-7.0.2.jar;C:\Users\luisl\.m2\repository\com\helger\commons\ph-commons\11.1.5\ph-commons-11.1.5.jar;C:\Users\luisl\.m2\repository\org\ow2\asm\asm\9.7\asm-9.7.jar;C:\Users\luisl\.m2\repository\com\vaadin\external\gentyref\1.2.0.vaadin1\gentyref-1.2.0.vaadin1.jar;C:\Users\luisl\.m2\repository\org\apache\commons\commons-compress\1.26.1\commons-compress-1.26.1.jar;C:\Users\luisl\.m2\repository\commons-codec\commons-codec\1.15\commons-codec-1.15.jar;C:\Users\luisl\.m2\repository\org\apache\commons\commons-lang3\3.12.0\commons-lang3-3.12.0.jar;C:\Users\luisl\.m2\repository\com\vaadin\flow-push\24.4.9\flow-push-24.4.9.jar;C:\Users\luisl\.m2\repository\com\vaadin\external\atmosphere\atmosphere-runtime\3.0.5.slf4jvaadin1\atmosphere-runtime-3.0.5.slf4jvaadin1.jar;C:\Users\luisl\.m2\repository\com\vaadin\flow-client\24.4.9\flow-client-24.4.9.jar;C:\Users\luisl\.m2\repository\org\springframework\spring-webmvc\6.0.11\spring-webmvc-6.0.11.jar;C:\Users\luisl\.m2\repository\org\springframework\spring-aop\6.0.11\spring-aop-6.0.11.jar;C:\Users\luisl\.m2\repository\org\springframework\spring-beans\6.0.11\spring-beans-6.0.11.jar;C:\Users\luisl\.m2\repository\org\springframework\spring-context\6.0.11\spring-context-6.0.11.jar;C:\Users\luisl\.m2\repository\org\springframework\spring-expression\6.0.11\spring-expression-6.0.11.jar;C:\Users\luisl\.m2\repository\org\springframework\spring-websocket\6.0.11\spring-websocket-6.0.11.jar;C:\Users\luisl\.m2\repository\org\hibernate\validator\hibernate-validator\8.0.1.Final\hibernate-validator-8.0.1.Final.jar;C:\Users\luisl\.m2\repository\jakarta\validation\jakarta.validation-api\3.0.2\jakarta.validation-api-3.0.2.jar;C:\Users\luisl\.m2\repository\org\jboss\logging\jboss-logging\3.5.3.Final\jboss-logging-3.5.3.Final.jar;C:\Users\luisl\.m2\repository\com\fasterxml\classmate\1.5.1\classmate-1.5.1.jar;C:\Users\luisl\.m2\repository\org\reflections\reflections\0.10.2\reflections-0.10.2.jar;C:\Users\luisl\.m2\repository\org\javassist\javassist\3.30.2-GA\javassist-3.30.2-GA.jar;C:\Users\luisl\.m2\repository\com\vaadin\vaadin-core\24.4.13\vaadin-core-24.4.13.jar;C:\Users\luisl\.m2\repository\com\vaadin\vaadin-core-internal\24.4.13\vaadin-core-internal-24.4.13.jar;C:\Users\luisl\.m2\repository\com\vaadin\flow-lit-template\24.4.9\flow-lit-template-24.4.9.jar;C:\Users\luisl\.m2\repository\com\vaadin\flow-react\24.4.9\flow-react-24.4.9.jar;C:\Users\luisl\.m2\repository\com\vaadin\flow-html-components\24.4.9\flow-html-components-24.4.9.jar;C:\Users\luisl\.m2\repository\com\vaadin\flow-data\24.4.9\flow-data-24.4.9.jar;C:\Users\luisl\.m2\repository\com\vaadin\flow-dnd\24.4.9\flow-dnd-24.4.9.jar;C:\Users\luisl\.m2\repository\com\vaadin\vaadin-lumo-theme\24.4.13\vaadin-lumo-theme-24.4.13.jar;C:\Users\luisl\.m2\repository\com\vaadin\vaadin-material-theme\24.4.13\vaadin-material-theme-24.4.13.jar;C:\Users\luisl\.m2\repository\com\vaadin\vaadin-accordion-flow\24.4.13\vaadin-accordion-flow-24.4.13.jar;C:\Users\luisl\.m2\repository\com\vaadin\vaadin-avatar-flow\24.4.13\vaadin-avatar-flow-24.4.13.jar;C:\Users\luisl\.m2\repository\com\vaadin\vaadin-flow-components-base\24.4.13\vaadin-flow-components-base-24.4.13.jar;C:\Users\luisl\.m2\repository\com\vaadin\vaadin-button-flow\24.4.13\vaadin-button-flow-24.4.13.jar;C:\Users\luisl\.m2\repository\com\vaadin\vaadin-checkbox-flow\24.4.13\vaadin-checkbox-flow-24.4.13.jar;C:\Users\luisl\.m2\repository\com\vaadin\vaadin-combo-box-flow\24.4.13\vaadin-combo-box-flow-24.4.13.jar;C:\Users\luisl\.m2\repository\com\vaadin\vaadin-confirm-dialog-flow\24.4.13\vaadin-confirm-dialog-flow-24.4.13.jar;C:\Users\luisl\.m2\repository\com\vaadin\vaadin-custom-field-flow\24.4.13\vaadin-custom-field-flow-24.4.13.jar;C:\Users\luisl\.m2\repository\com\vaadin\vaadin-date-picker-flow\24.4.13\vaadin-date-picker-flow-24.4.13.jar;C:\Users\luisl\.m2\repository\com\vaadin\vaadin-date-time-picker-flow\24.4.13\vaadin-date-time-picker-flow-24.4.13.jar;C:\Users\luisl\.m2\repository\com\vaadin\vaadin-details-flow\24.4.13\vaadin-details-flow-24.4.13.jar;C:\Users\luisl\.m2\repository\com\vaadin\vaadin-time-picker-flow\24.4.13\vaadin-time-picker-flow-24.4.13.jar;C:\Users\luisl\.m2\repository\com\vaadin\vaadin-select-flow\24.4.13\vaadin-select-flow-24.4.13.jar;C:\Users\luisl\.m2\repository\com\vaadin\vaadin-side-nav-flow\24.4.13\vaadin-side-nav-flow-24.4.13.jar;C:\Users\luisl\.m2\repository\com\vaadin\vaadin-dialog-flow\24.4.13\vaadin-dialog-flow-24.4.13.jar;C:\Users\luisl\.m2\repository\com\vaadin\vaadin-form-layout-flow\24.4.13\vaadin-form-layout-flow-24.4.13.jar;C:\Users\luisl\.m2\repository\com\vaadin\vaadin-field-highlighter-flow\24.4.13\vaadin-field-highlighter-flow-24.4.13.jar;C:\Users\luisl\.m2\repository\com\vaadin\vaadin-grid-flow\24.4.13\vaadin-grid-flow-24.4.13.jar;C:\Users\luisl\.m2\repository\com\vaadin\vaadin-icons-flow\24.4.13\vaadin-icons-flow-24.4.13.jar;C:\Users\luisl\.m2\repository\com\vaadin\vaadin-virtual-list-flow\24.4.13\vaadin-virtual-list-flow-24.4.13.jar;C:\Users\luisl\.m2\repository\com\vaadin\vaadin-list-box-flow\24.4.13\vaadin-list-box-flow-24.4.13.jar;C:\Users\luisl\.m2\repository\com\vaadin\vaadin-login-flow\24.4.13\vaadin-login-flow-24.4.13.jar;C:\Users\luisl\.m2\repository\com\vaadin\vaadin-messages-flow\24.4.13\vaadin-messages-flow-24.4.13.jar;C:\Users\luisl\.m2\repository\com\vaadin\vaadin-ordered-layout-flow\24.4.13\vaadin-ordered-layout-flow-24.4.13.jar;C:\Users\luisl\.m2\repository\com\vaadin\vaadin-progress-bar-flow\24.4.13\vaadin-progress-bar-flow-24.4.13.jar;C:\Users\luisl\.m2\repository\com\vaadin\vaadin-radio-button-flow\24.4.13\vaadin-radio-button-flow-24.4.13.jar;C:\Users\luisl\.m2\repository\com\vaadin\vaadin-renderer-flow\24.4.13\vaadin-renderer-flow-24.4.13.jar;C:\Users\luisl\.m2\repository\com\vaadin\vaadin-split-layout-flow\24.4.13\vaadin-split-layout-flow-24.4.13.jar;C:\Users\luisl\.m2\repository\com\vaadin\vaadin-tabs-flow\24.4.13\vaadin-tabs-flow-24.4.13.jar;C:\Users\luisl\.m2\repository\com\vaadin\vaadin-text-field-flow\24.4.13\vaadin-text-field-flow-24.4.13.jar;C:\Users\luisl\.m2\repository\com\vaadin\vaadin-upload-flow\24.4.13\vaadin-upload-flow-24.4.13.jar;C:\Users\luisl\.m2\repository\com\vaadin\vaadin-notification-flow\24.4.13\vaadin-notification-flow-24.4.13.jar;C:\Users\luisl\.m2\repository\com\vaadin\vaadin-app-layout-flow\24.4.13\vaadin-app-layout-flow-24.4.13.jar;C:\Users\luisl\.m2\repository\com\vaadin\vaadin-context-menu-flow\24.4.13\vaadin-context-menu-flow-24.4.13.jar;C:\Users\luisl\.m2\repository\com\vaadin\vaadin-menu-bar-flow\24.4.13\vaadin-menu-bar-flow-24.4.13.jar;C:\Users\luisl\.m2\repository\com\vaadin\vaadin-dev\24.4.13\vaadin-dev-24.4.13.jar;C:\Users\luisl\.m2\repository\com\vaadin\vaadin-dev-server\24.4.9\vaadin-dev-server-24.4.9.jar;C:\Users\luisl\.m2\repository\com\vaadin\license-checker\1.12.14\license-checker-1.12.14.jar;C:\Users\luisl\.m2\repository\com\github\oshi\oshi-core\6.4.10\oshi-core-6.4.10.jar;C:\Users\luisl\.m2\repository\net\java\dev\jna\jna\5.14.0\jna-5.14.0.jar;C:\Users\luisl\.m2\repository\net\java\dev\jna\jna-platform\5.14.0\jna-platform-5.14.0.jar;C:\Users\luisl\.m2\repository\com\nimbusds\nimbus-jose-jwt\9.37.3\nimbus-jose-jwt-9.37.3.jar;C:\Users\luisl\.m2\repository\org\lucee\jcip-annotations\1.0.0\jcip-annotations-1.0.0.jar;C:\Users\luisl\.m2\repository\com\vaadin\open\8.5.0.1\open-8.5.0.1.jar;C:\Users\luisl\.m2\repository\com\github\javaparser\javaparser-core\3.25.10\javaparser-core-3.25.10.jar;C:\Users\luisl\.m2\repository\io\methvin\directory-watcher\0.18.0\directory-watcher-0.18.0.jar;C:\Users\luisl\.m2\repository\com\vaadin\vaadin-dev-bundle\24.4.13\vaadin-dev-bundle-24.4.13.jar;C:\Users\luisl\.m2\repository\com\vaadin\hilla-dev\24.4.9\hilla-dev-24.4.9.jar;C:\Users\luisl\.m2\repository\com\vaadin\copilot\24.4.14\copilot-24.4.14.jar;C:\Users\luisl\.m2\repository\io\projectreactor\netty\reactor-netty\1.1.10\reactor-netty-1.1.10.jar;C:\Users\luisl\.m2\repository\io\projectreactor\netty\reactor-netty-core\1.1.10\reactor-netty-core-1.1.10.jar;C:\Users\luisl\.m2\repository\io\netty\netty-resolver-dns\4.1.97.Final\netty-resolver-dns-4.1.97.Final.jar;C:\Users\luisl\.m2\repository\io\netty\netty-codec-dns\4.1.97.Final\netty-codec-dns-4.1.97.Final.jar;C:\Users\luisl\.m2\repository\io\netty\netty-resolver-dns-native-macos\4.1.97.Final\netty-resolver-dns-native-macos-4.1.97.Final-osx-x86_64.jar;C:\Users\luisl\.m2\repository\io\netty\netty-resolver-dns-classes-macos\4.1.97.Final\netty-resolver-dns-classes-macos-4.1.97.Final.jar;C:\Users\luisl\.m2\repository\io\projectreactor\netty\reactor-netty-http\1.1.10\reactor-netty-http-1.1.10.jar;C:\Users\luisl\.m2\repository\io\netty\netty-codec-http2\4.1.97.Final\netty-codec-http2-4.1.97.Final.jar;C:\Users\luisl\.m2\repository\io\projectreactor\netty\incubator\reactor-netty-incubator-quic\0.1.10\reactor-netty-incubator-quic-0.1.10.jar;C:\Users\luisl\.m2\repository\io\netty\incubator\netty-incubator-codec-native-quic\0.0.49.Final\netty-incubator-codec-native-quic-0.0.49.Final-linux-x86_64.jar;C:\Users\luisl\.m2\repository\io\netty\incubator\netty-incubator-codec-classes-quic\0.0.49.Final\netty-incubator-codec-classes-quic-0.0.49.Final.jar;C:\Users\luisl\.m2\repository\org\apache\commons\commons-configuration2\2.11.0\commons-configuration2-2.11.0.jar;C:\Users\luisl\.m2\repository\org\apache\commons\commons-text\1.12.0\commons-text-1.12.0.jar;C:\Users\luisl\.m2\repository\com\vaadin\hilla\24.4.9\hilla-24.4.9.jar;C:\Users\luisl\.m2\repository\com\vaadin\hilla-endpoint\24.4.9\hilla-endpoint-24.4.9.jar;C:\Users\luisl\.m2\repository\com\vaadin\hilla-engine-core\24.4.9\hilla-engine-core-24.4.9.jar;C:\Users\luisl\.m2\repository\com\vaadin\hilla-parser-jvm-core\24.4.9\hilla-parser-jvm-core-24.4.9.jar;C:\Users\luisl\.m2\repository\io\github\classgraph\classgraph\4.8.171\classgraph-4.8.171.jar;C:\Users\luisl\.m2\repository\com\fasterxml\jackson\dataformat\jackson-dataformat-yaml\2.15.2\jackson-dataformat-yaml-2.15.2.jar;C:\Users\luisl\.m2\repository\com\vaadin\hilla-parser-jvm-plugin-backbone\24.4.9\hilla-parser-jvm-plugin-backbone-24.4.9.jar;C:\Users\luisl\.m2\repository\com\vaadin\hilla-parser-jvm-plugin-nonnull\24.4.9\hilla-parser-jvm-plugin-nonnull-24.4.9.jar;C:\Users\luisl\.m2\repository\com\vaadin\hilla-parser-jvm-plugin-subtypes\24.4.9\hilla-parser-jvm-plugin-subtypes-24.4.9.jar;C:\Users\luisl\.m2\repository\com\vaadin\hilla-parser-jvm-plugin-model\24.4.9\hilla-parser-jvm-plugin-model-24.4.9.jar;C:\Users\luisl\.m2\repository\com\vaadin\hilla-parser-jvm-plugin-transfertypes\24.4.9\hilla-parser-jvm-plugin-transfertypes-24.4.9.jar;C:\Users\luisl\.m2\repository\org\springframework\data\spring-data-commons\3.1.3\spring-data-commons-3.1.3.jar;C:\Users\luisl\.m2\repository\io\projectreactor\reactor-core\3.5.9\reactor-core-3.5.9.jar;C:\Users\luisl\.m2\repository\com\fasterxml\jackson\module\jackson-module-parameter-names\2.15.2\jackson-module-parameter-names-2.15.2.jar;C:\Users\luisl\.m2\repository\com\fasterxml\jackson\datatype\jackson-datatype-jdk8\2.15.2\jackson-datatype-jdk8-2.15.2.jar;C:\Users\luisl\.m2\repository\org\springframework\security\spring-security-core\6.1.3\spring-security-core-6.1.3.jar;C:\Users\luisl\.m2\repository\org\springframework\security\spring-security-crypto\6.1.3\spring-security-crypto-6.1.3.jar;C:\Users\luisl\.m2\repository\com\github\javaparser\javaparser-symbol-solver-core\3.25.10\javaparser-symbol-solver-core-3.25.10.jar;C:\Users\luisl\.m2\repository\com\vaadin\hilla-parser-jvm-utils\24.4.9\hilla-parser-jvm-utils-24.4.9.jar;C:\Users\luisl\.m2\repository\io\swagger\core\v3\swagger-core\2.2.22\swagger-core-2.2.22.jar;C:\Users\luisl\.m2\repository\io\swagger\core\v3\swagger-annotations\2.2.22\swagger-annotations-2.2.22.jar;C:\Users\luisl\.m2\repository\io\swagger\core\v3\swagger-models\2.2.22\swagger-models-2.2.22.jar;C:\Users\luisl\.m2\repository\com\vaadin\hilla-runtime-plugin-transfertypes\24.4.9\hilla-runtime-plugin-transfertypes-24.4.9.jar;C:\Users\luisl\.m2\repository\com\vaadin\hilla-engine-runtime\24.4.9\hilla-engine-runtime-24.4.9.jar;C:\Users\luisl\.m2\repository\org\springframework\boot\spring-boot-starter-web\3.1.3\spring-boot-starter-web-3.1.3.jar;C:\Users\luisl\.m2\repository\org\springframework\boot\spring-boot-starter-json\3.1.3\spring-boot-starter-json-3.1.3.jar;C:\Users\luisl\.m2\repository\org\springframework\boot\spring-boot-starter-tomcat\3.1.3\spring-boot-starter-tomcat-3.1.3.jar;C:\Users\luisl\.m2\repository\org\apache\tomcat\embed\tomcat-embed-core\10.1.12\tomcat-embed-core-10.1.12.jar;C:\Users\luisl\.m2\repository\org\apache\tomcat\embed\tomcat-embed-el\10.1.12\tomcat-embed-el-10.1.12.jar;C:\Users\luisl\.m2\repository\org\apache\tomcat\embed\tomcat-embed-websocket\10.1.12\tomcat-embed-websocket-10.1.12.jar;C:\Users\luisl\.m2\repository\org\springframework\spring-web\6.0.11\spring-web-6.0.11.jar;C:\Users\luisl\.m2\repository\io\micrometer\micrometer-observation\1.11.3\micrometer-observation-1.11.3.jar;C:\Users\luisl\.m2\repository\io\micrometer\micrometer-commons\1.11.3\micrometer-commons-1.11.3.jar;C:\Users\luisl\.m2\repository\org\springframework\boot\spring-boot-starter-test\2.5.6\spring-boot-starter-test-2.5.6.jar;C:\Users\luisl\.m2\repository\org\springframework\boot\spring-boot-starter\3.1.3\spring-boot-starter-3.1.3.jar;C:\Users\luisl\.m2\repository\org\springframework\boot\spring-boot\3.1.3\spring-boot-3.1.3.jar;C:\Users\luisl\.m2\repository\org\springframework\boot\spring-boot-autoconfigure\3.1.3\spring-boot-autoconfigure-3.1.3.jar;C:\Users\luisl\.m2\repository\org\springframework\boot\spring-boot-starter-logging\3.1.3\spring-boot-starter-logging-3.1.3.jar;C:\Users\luisl\.m2\repository\ch\qos\logback\logback-classic\1.4.11\logback-classic-1.4.11.jar;C:\Users\luisl\.m2\repository\ch\qos\logback\logback-core\1.4.11\logback-core-1.4.11.jar;C:\Users\luisl\.m2\repository\org\apache\logging\log4j\log4j-to-slf4j\2.20.0\log4j-to-slf4j-2.20.0.jar;C:\Users\luisl\.m2\repository\org\apache\logging\log4j\log4j-api\2.20.0\log4j-api-2.20.0.jar;C:\Users\luisl\.m2\repository\org\slf4j\jul-to-slf4j\2.0.7\jul-to-slf4j-2.0.7.jar;C:\Users\luisl\.m2\repository\jakarta\annotation\jakarta.annotation-api\2.1.1\jakarta.annotation-api-2.1.1.jar;C:\Users\luisl\.m2\repository\org\yaml\snakeyaml\1.33\snakeyaml-1.33.jar;C:\Users\luisl\.m2\repository\org\springframework\boot\spring-boot-test\3.1.3\spring-boot-test-3.1.3.jar;C:\Users\luisl\.m2\repository\org\springframework\boot\spring-boot-test-autoconfigure\3.1.3\spring-boot-test-autoconfigure-3.1.3.jar;C:\Users\luisl\.m2\repository\com\jayway\jsonpath\json-path\2.8.0\json-path-2.8.0.jar;C:\Users\luisl\.m2\repository\net\minidev\json-smart\2.4.11\json-smart-2.4.11.jar;C:\Users\luisl\.m2\repository\net\minidev\accessors-smart\2.4.11\accessors-smart-2.4.11.jar;C:\Users\luisl\.m2\repository\org\slf4j\slf4j-api\2.0.7\slf4j-api-2.0.7.jar;C:\Users\luisl\.m2\repository\jakarta\xml\bind\jakarta.xml.bind-api\4.0.0\jakarta.xml.bind-api-4.0.0.jar;C:\Users\luisl\.m2\repository\jakarta\activation\jakarta.activation-api\2.1.2\jakarta.activation-api-2.1.2.jar;C:\Users\luisl\.m2\repository\org\assertj\assertj-core\3.24.2\assertj-core-3.24.2.jar;C:\Users\luisl\.m2\repository\org\hamcrest\hamcrest\2.2\hamcrest-2.2.jar;C:\Users\luisl\.m2\repository\org\mockito\mockito-core\5.3.1\mockito-core-5.3.1.jar;C:\Users\luisl\.m2\repository\net\bytebuddy\byte-buddy-agent\1.14.6\byte-buddy-agent-1.14.6.jar;C:\Users\luisl\.m2\repository\org\objenesis\objenesis\3.3\objenesis-3.3.jar;C:\Users\luisl\.m2\repository\org\mockito\mockito-junit-jupiter\5.3.1\mockito-junit-jupiter-5.3.1.jar;C:\Users\luisl\.m2\repository\org\skyscreamer\jsonassert\1.5.1\jsonassert-1.5.1.jar;C:\Users\luisl\.m2\repository\com\vaadin\external\google\android-json\0.0.20131108.vaadin1\android-json-0.0.20131108.vaadin1.jar;C:\Users\luisl\.m2\repository\org\springframework\spring-core\6.0.11\spring-core-6.0.11.jar;C:\Users\luisl\.m2\repository\org\springframework\spring-jcl\6.0.11\spring-jcl-6.0.11.jar;C:\Users\luisl\.m2\repository\org\springframework\spring-test\6.0.11\spring-test-6.0.11.jar;C:\Users\luisl\.m2\repository\org\xmlunit\xmlunit-core\2.9.1\xmlunit-core-2.9.1.jar;C:\Users\luisl\.m2\repository\org\junit\jupiter\junit-jupiter\5.8.1\junit-jupiter-5.8.1.jar;C:\Users\luisl\.m2\repository\org\junit\jupiter\junit-jupiter-api\5.9.3\junit-jupiter-api-5.9.3.jar;C:\Users\luisl\.m2\repository\org\opentest4j\opentest4j\1.2.0\opentest4j-1.2.0.jar;C:\Users\luisl\.m2\repository\org\junit\platform\junit-platform-commons\1.9.3\junit-platform-commons-1.9.3.jar;C:\Users\luisl\.m2\repository\org\apiguardian\apiguardian-api\1.1.2\apiguardian-api-1.1.2.jar;C:\Users\luisl\.m2\repository\org\junit\jupiter\junit-jupiter-params\5.9.3\junit-jupiter-params-5.9.3.jar;C:\Users\luisl\.m2\repository\org\junit\jupiter\junit-jupiter-engine\5.9.3\junit-jupiter-engine-5.9.3.jar;C:\Users\luisl\.m2\repository\org\junit\platform\junit-platform-engine\1.9.3\junit-platform-engine-1.9.3.jar;"/>
    <property name="java.vm.vendor" value="Eclipse Adoptium"/>
    <property name="sun.arch.data.model" value="64"/>
    <property name="user.variant" value=""/>
    <property name="java.vendor.url" value="https://adoptium.net/"/>
    <property name="user.timezone" value="Europe/Lisbon"/>
    <property name="user.country.format" value="PT"/>
    <property name="os.name" value="Windows 11"/>
    <property name="java.vm.specification.version" value="21"/>
    <property name="sun.java.launcher" value="SUN_STANDARD"/>
    <property name="user.country" value="US"/>
    <property name="sun.boot.library.path" value="D:\jdk-21.0.4.7-hotspot\bin"/>
    <property name="sun.java.command" value="C:\Users\luisl\AppData\Local\Temp\surefire13023312127441587786\surefirebooter-20250125175834013_3.jar C:\Users\luisl\AppData\Local\Temp\surefire13023312127441587786 2025-01-25T17-58-33_197-jvmRun1 surefire-20250125175834013_1tmp surefire_0-20250125175834013_2tmp"/>
    <property name="jdk.debug" value="release"/>
    <property name="surefire.test.class.path" value="C:\Users\luisl\Desktop\calculator-vaadin\calculator-vaadin\target\test-classes;C:\Users\luisl\Desktop\calculator-vaadin\calculator-vaadin\target\classes;C:\Users\luisl\.m2\repository\org\seleniumhq\selenium\selenium-java\4.14.0\selenium-java-4.14.0.jar;C:\Users\luisl\.m2\repository\org\seleniumhq\selenium\selenium-api\4.8.3\selenium-api-4.8.3.jar;C:\Users\luisl\.m2\repository\org\seleniumhq\selenium\selenium-chrome-driver\4.8.3\selenium-chrome-driver-4.8.3.jar;C:\Users\luisl\.m2\repository\com\google\auto\service\auto-service-annotations\1.0.1\auto-service-annotations-1.0.1.jar;C:\Users\luisl\.m2\repository\com\google\auto\service\auto-service\1.0.1\auto-service-1.0.1.jar;C:\Users\luisl\.m2\repository\com\google\auto\auto-common\1.2\auto-common-1.2.jar;C:\Users\luisl\.m2\repository\com\google\guava\guava\31.1-jre\guava-31.1-jre.jar;C:\Users\luisl\.m2\repository\com\google\guava\failureaccess\1.0.1\failureaccess-1.0.1.jar;C:\Users\luisl\.m2\repository\com\google\guava\listenablefuture\9999.0-empty-to-avoid-conflict-with-guava\listenablefuture-9999.0-empty-to-avoid-conflict-with-guava.jar;C:\Users\luisl\.m2\repository\com\google\code\findbugs\jsr305\3.0.2\jsr305-3.0.2.jar;C:\Users\luisl\.m2\repository\org\checkerframework\checker-qual\3.12.0\checker-qual-3.12.0.jar;C:\Users\luisl\.m2\repository\com\google\errorprone\error_prone_annotations\2.11.0\error_prone_annotations-2.11.0.jar;C:\Users\luisl\.m2\repository\com\google\j2objc\j2objc-annotations\1.3\j2objc-annotations-1.3.jar;C:\Users\luisl\.m2\repository\org\seleniumhq\selenium\selenium-chromium-driver\4.8.3\selenium-chromium-driver-4.8.3.jar;C:\Users\luisl\.m2\repository\org\seleniumhq\selenium\selenium-json\4.8.3\selenium-json-4.8.3.jar;C:\Users\luisl\.m2\repository\org\seleniumhq\selenium\selenium-manager\4.8.3\selenium-manager-4.8.3.jar;C:\Users\luisl\.m2\repository\org\seleniumhq\selenium\selenium-devtools-v116\4.14.0\selenium-devtools-v116-4.14.0.jar;C:\Users\luisl\.m2\repository\org\seleniumhq\selenium\selenium-devtools-v117\4.14.0\selenium-devtools-v117-4.14.0.jar;C:\Users\luisl\.m2\repository\org\seleniumhq\selenium\selenium-devtools-v118\4.14.0\selenium-devtools-v118-4.14.0.jar;C:\Users\luisl\.m2\repository\org\seleniumhq\selenium\selenium-devtools-v85\4.8.3\selenium-devtools-v85-4.8.3.jar;C:\Users\luisl\.m2\repository\org\seleniumhq\selenium\selenium-edge-driver\4.8.3\selenium-edge-driver-4.8.3.jar;C:\Users\luisl\.m2\repository\org\seleniumhq\selenium\selenium-firefox-driver\4.8.3\selenium-firefox-driver-4.8.3.jar;C:\Users\luisl\.m2\repository\org\seleniumhq\selenium\selenium-http\4.8.3\selenium-http-4.8.3.jar;C:\Users\luisl\.m2\repository\dev\failsafe\failsafe\3.3.1\failsafe-3.3.1.jar;C:\Users\luisl\.m2\repository\org\seleniumhq\selenium\selenium-ie-driver\4.8.3\selenium-ie-driver-4.8.3.jar;C:\Users\luisl\.m2\repository\org\seleniumhq\selenium\selenium-remote-driver\4.8.3\selenium-remote-driver-4.8.3.jar;C:\Users\luisl\.m2\repository\com\beust\jcommander\1.82\jcommander-1.82.jar;C:\Users\luisl\.m2\repository\io\netty\netty-buffer\4.1.97.Final\netty-buffer-4.1.97.Final.jar;C:\Users\luisl\.m2\repository\io\netty\netty-codec-http\4.1.97.Final\netty-codec-http-4.1.97.Final.jar;C:\Users\luisl\.m2\repository\io\netty\netty-codec\4.1.97.Final\netty-codec-4.1.97.Final.jar;C:\Users\luisl\.m2\repository\io\netty\netty-handler\4.1.97.Final\netty-handler-4.1.97.Final.jar;C:\Users\luisl\.m2\repository\io\netty\netty-common\4.1.97.Final\netty-common-4.1.97.Final.jar;C:\Users\luisl\.m2\repository\io\netty\netty-transport-classes-epoll\4.1.97.Final\netty-transport-classes-epoll-4.1.97.Final.jar;C:\Users\luisl\.m2\repository\io\netty\netty-transport-classes-kqueue\4.1.97.Final\netty-transport-classes-kqueue-4.1.97.Final.jar;C:\Users\luisl\.m2\repository\io\netty\netty-transport-native-epoll\4.1.97.Final\netty-transport-native-epoll-4.1.97.Final.jar;C:\Users\luisl\.m2\repository\io\netty\netty-transport-native-kqueue\4.1.97.Final\netty-transport-native-kqueue-4.1.97.Final.jar;C:\Users\luisl\.m2\repository\io\netty\netty-transport-native-unix-common\4.1.97.Final\netty-transport-native-unix-common-4.1.97.Final.jar;C:\Users\luisl\.m2\repository\io\netty\netty-transport\4.1.97.Final\netty-transport-4.1.97.Final.jar;C:\Users\luisl\.m2\repository\io\netty\netty-resolver\4.1.97.Final\netty-resolver-4.1.97.Final.jar;C:\Users\luisl\.m2\repository\io\opentelemetry\opentelemetry-api\1.25.0\opentelemetry-api-1.25.0.jar;C:\Users\luisl\.m2\repository\io\opentelemetry\opentelemetry-context\1.25.0\opentelemetry-context-1.25.0.jar;C:\Users\luisl\.m2\repository\io\opentelemetry\opentelemetry-exporter-logging\1.25.0\opentelemetry-exporter-logging-1.25.0.jar;C:\Users\luisl\.m2\repository\io\opentelemetry\opentelemetry-sdk-metrics\1.25.0\opentelemetry-sdk-metrics-1.25.0.jar;C:\Users\luisl\.m2\repository\io\opentelemetry\opentelemetry-sdk-logs\1.25.0-alpha\opentelemetry-sdk-logs-1.25.0-alpha.jar;C:\Users\luisl\.m2\repository\io\opentelemetry\opentelemetry-api-logs\1.25.0-alpha\opentelemetry-api-logs-1.25.0-alpha.jar;C:\Users\luisl\.m2\repository\io\opentelemetry\opentelemetry-api-events\1.25.0-alpha\opentelemetry-api-events-1.25.0-alpha.jar;C:\Users\luisl\.m2\repository\io\opentelemetry\opentelemetry-sdk-common\1.25.0\opentelemetry-sdk-common-1.25.0.jar;C:\Users\luisl\.m2\repository\io\opentelemetry\opentelemetry-sdk-extension-autoconfigure-spi\1.25.0\opentelemetry-sdk-extension-autoconfigure-spi-1.25.0.jar;C:\Users\luisl\.m2\repository\io\opentelemetry\opentelemetry-sdk-extension-autoconfigure\1.24.0-alpha\opentelemetry-sdk-extension-autoconfigure-1.24.0-alpha.jar;C:\Users\luisl\.m2\repository\io\opentelemetry\opentelemetry-sdk-trace\1.25.0\opentelemetry-sdk-trace-1.25.0.jar;C:\Users\luisl\.m2\repository\io\opentelemetry\opentelemetry-sdk\1.25.0\opentelemetry-sdk-1.25.0.jar;C:\Users\luisl\.m2\repository\io\opentelemetry\opentelemetry-semconv\1.24.0-alpha\opentelemetry-semconv-1.24.0-alpha.jar;C:\Users\luisl\.m2\repository\io\ous\jtoml\2.0.0\jtoml-2.0.0.jar;C:\Users\luisl\.m2\repository\net\bytebuddy\byte-buddy\1.14.6\byte-buddy-1.14.6.jar;C:\Users\luisl\.m2\repository\org\apache\commons\commons-exec\1.3\commons-exec-1.3.jar;C:\Users\luisl\.m2\repository\org\asynchttpclient\async-http-client\2.12.3\async-http-client-2.12.3.jar;C:\Users\luisl\.m2\repository\org\asynchttpclient\async-http-client-netty-utils\2.12.3\async-http-client-netty-utils-2.12.3.jar;C:\Users\luisl\.m2\repository\io\netty\netty-codec-socks\4.1.97.Final\netty-codec-socks-4.1.97.Final.jar;C:\Users\luisl\.m2\repository\io\netty\netty-handler-proxy\4.1.97.Final\netty-handler-proxy-4.1.97.Final.jar;C:\Users\luisl\.m2\repository\io\netty\netty-transport-native-epoll\4.1.97.Final\netty-transport-native-epoll-4.1.97.Final-linux-x86_64.jar;C:\Users\luisl\.m2\repository\io\netty\netty-transport-native-kqueue\4.1.97.Final\netty-transport-native-kqueue-4.1.97.Final-osx-x86_64.jar;C:\Users\luisl\.m2\repository\org\reactivestreams\reactive-streams\1.0.4\reactive-streams-1.0.4.jar;C:\Users\luisl\.m2\repository\com\typesafe\netty\netty-reactive-streams\2.0.4\netty-reactive-streams-2.0.4.jar;C:\Users\luisl\.m2\repository\com\sun\activation\jakarta.activation\1.2.2\jakarta.activation-1.2.2.jar;C:\Users\luisl\.m2\repository\org\seleniumhq\selenium\selenium-safari-driver\4.8.3\selenium-safari-driver-4.8.3.jar;C:\Users\luisl\.m2\repository\org\seleniumhq\selenium\selenium-support\4.8.3\selenium-support-4.8.3.jar;C:\Users\luisl\.m2\repository\com\vaadin\vaadin-spring-boot-starter\24.4.13\vaadin-spring-boot-starter-24.4.13.jar;C:\Users\luisl\.m2\repository\com\vaadin\vaadin-spring\24.4.9\vaadin-spring-24.4.9.jar;C:\Users\luisl\.m2\repository\com\vaadin\flow-server\24.4.9\flow-server-24.4.9.jar;C:\Users\luisl\.m2\repository\com\vaadin\servletdetector\throw-if-servlet3\1.0.2\throw-if-servlet3-1.0.2.jar;C:\Users\luisl\.m2\repository\com\vaadin\external\gwt\gwt-elemental\2.8.2.vaadin2\gwt-elemental-2.8.2.vaadin2.jar;C:\Users\luisl\.m2\repository\org\apache\commons\commons-fileupload2-jakarta\2.0.0-M1\commons-fileupload2-jakarta-2.0.0-M1.jar;C:\Users\luisl\.m2\repository\org\apache\commons\commons-fileupload2-core\2.0.0-M1\commons-fileupload2-core-2.0.0-M1.jar;C:\Users\luisl\.m2\repository\commons-io\commons-io\2.16.1\commons-io-2.16.1.jar;C:\Users\luisl\.m2\repository\com\fasterxml\jackson\core\jackson-core\2.15.2\jackson-core-2.15.2.jar;C:\Users\luisl\.m2\repository\com\fasterxml\jackson\core\jackson-databind\2.15.2\jackson-databind-2.15.2.jar;C:\Users\luisl\.m2\repository\com\fasterxml\jackson\core\jackson-annotations\2.15.2\jackson-annotations-2.15.2.jar;C:\Users\luisl\.m2\repository\com\fasterxml\jackson\datatype\jackson-datatype-jsr310\2.15.2\jackson-datatype-jsr310-2.15.2.jar;C:\Users\luisl\.m2\repository\org\jsoup\jsoup\1.17.2\jsoup-1.17.2.jar;C:\Users\luisl\.m2\repository\com\helger\ph-css\7.0.2\ph-css-7.0.2.jar;C:\Users\luisl\.m2\repository\com\helger\commons\ph-commons\11.1.5\ph-commons-11.1.5.jar;C:\Users\luisl\.m2\repository\org\ow2\asm\asm\9.7\asm-9.7.jar;C:\Users\luisl\.m2\repository\com\vaadin\external\gentyref\1.2.0.vaadin1\gentyref-1.2.0.vaadin1.jar;C:\Users\luisl\.m2\repository\org\apache\commons\commons-compress\1.26.1\commons-compress-1.26.1.jar;C:\Users\luisl\.m2\repository\commons-codec\commons-codec\1.15\commons-codec-1.15.jar;C:\Users\luisl\.m2\repository\org\apache\commons\commons-lang3\3.12.0\commons-lang3-3.12.0.jar;C:\Users\luisl\.m2\repository\com\vaadin\flow-push\24.4.9\flow-push-24.4.9.jar;C:\Users\luisl\.m2\repository\com\vaadin\external\atmosphere\atmosphere-runtime\3.0.5.slf4jvaadin1\atmosphere-runtime-3.0.5.slf4jvaadin1.jar;C:\Users\luisl\.m2\repository\com\vaadin\flow-client\24.4.9\flow-client-24.4.9.jar;C:\Users\luisl\.m2\repository\org\springframework\spring-webmvc\6.0.11\spring-webmvc-6.0.11.jar;C:\Users\luisl\.m2\repository\org\springframework\spring-aop\6.0.11\spring-aop-6.0.11.jar;C:\Users\luisl\.m2\repository\org\springframework\spring-beans\6.0.11\spring-beans-6.0.11.jar;C:\Users\luisl\.m2\repository\org\springframework\spring-context\6.0.11\spring-context-6.0.11.jar;C:\Users\luisl\.m2\repository\org\springframework\spring-expression\6.0.11\spring-expression-6.0.11.jar;C:\Users\luisl\.m2\repository\org\springframework\spring-websocket\6.0.11\spring-websocket-6.0.11.jar;C:\Users\luisl\.m2\repository\org\hibernate\validator\hibernate-validator\8.0.1.Final\hibernate-validator-8.0.1.Final.jar;C:\Users\luisl\.m2\repository\jakarta\validation\jakarta.validation-api\3.0.2\jakarta.validation-api-3.0.2.jar;C:\Users\luisl\.m2\repository\org\jboss\logging\jboss-logging\3.5.3.Final\jboss-logging-3.5.3.Final.jar;C:\Users\luisl\.m2\repository\com\fasterxml\classmate\1.5.1\classmate-1.5.1.jar;C:\Users\luisl\.m2\repository\org\reflections\reflections\0.10.2\reflections-0.10.2.jar;C:\Users\luisl\.m2\repository\org\javassist\javassist\3.30.2-GA\javassist-3.30.2-GA.jar;C:\Users\luisl\.m2\repository\com\vaadin\vaadin-core\24.4.13\vaadin-core-24.4.13.jar;C:\Users\luisl\.m2\repository\com\vaadin\vaadin-core-internal\24.4.13\vaadin-core-internal-24.4.13.jar;C:\Users\luisl\.m2\repository\com\vaadin\flow-lit-template\24.4.9\flow-lit-template-24.4.9.jar;C:\Users\luisl\.m2\repository\com\vaadin\flow-react\24.4.9\flow-react-24.4.9.jar;C:\Users\luisl\.m2\repository\com\vaadin\flow-html-components\24.4.9\flow-html-components-24.4.9.jar;C:\Users\luisl\.m2\repository\com\vaadin\flow-data\24.4.9\flow-data-24.4.9.jar;C:\Users\luisl\.m2\repository\com\vaadin\flow-dnd\24.4.9\flow-dnd-24.4.9.jar;C:\Users\luisl\.m2\repository\com\vaadin\vaadin-lumo-theme\24.4.13\vaadin-lumo-theme-24.4.13.jar;C:\Users\luisl\.m2\repository\com\vaadin\vaadin-material-theme\24.4.13\vaadin-material-theme-24.4.13.jar;C:\Users\luisl\.m2\repository\com\vaadin\vaadin-accordion-flow\24.4.13\vaadin-accordion-flow-24.4.13.jar;C:\Users\luisl\.m2\repository\com\vaadin\vaadin-avatar-flow\24.4.13\vaadin-avatar-flow-24.4.13.jar;C:\Users\luisl\.m2\repository\com\vaadin\vaadin-flow-components-base\24.4.13\vaadin-flow-components-base-24.4.13.jar;C:\Users\luisl\.m2\repository\com\vaadin\vaadin-button-flow\24.4.13\vaadin-button-flow-24.4.13.jar;C:\Users\luisl\.m2\repository\com\vaadin\vaadin-checkbox-flow\24.4.13\vaadin-checkbox-flow-24.4.13.jar;C:\Users\luisl\.m2\repository\com\vaadin\vaadin-combo-box-flow\24.4.13\vaadin-combo-box-flow-24.4.13.jar;C:\Users\luisl\.m2\repository\com\vaadin\vaadin-confirm-dialog-flow\24.4.13\vaadin-confirm-dialog-flow-24.4.13.jar;C:\Users\luisl\.m2\repository\com\vaadin\vaadin-custom-field-flow\24.4.13\vaadin-custom-field-flow-24.4.13.jar;C:\Users\luisl\.m2\repository\com\vaadin\vaadin-date-picker-flow\24.4.13\vaadin-date-picker-flow-24.4.13.jar;C:\Users\luisl\.m2\repository\com\vaadin\vaadin-date-time-picker-flow\24.4.13\vaadin-date-time-picker-flow-24.4.13.jar;C:\Users\luisl\.m2\repository\com\vaadin\vaadin-details-flow\24.4.13\vaadin-details-flow-24.4.13.jar;C:\Users\luisl\.m2\repository\com\vaadin\vaadin-time-picker-flow\24.4.13\vaadin-time-picker-flow-24.4.13.jar;C:\Users\luisl\.m2\repository\com\vaadin\vaadin-select-flow\24.4.13\vaadin-select-flow-24.4.13.jar;C:\Users\luisl\.m2\repository\com\vaadin\vaadin-side-nav-flow\24.4.13\vaadin-side-nav-flow-24.4.13.jar;C:\Users\luisl\.m2\repository\com\vaadin\vaadin-dialog-flow\24.4.13\vaadin-dialog-flow-24.4.13.jar;C:\Users\luisl\.m2\repository\com\vaadin\vaadin-form-layout-flow\24.4.13\vaadin-form-layout-flow-24.4.13.jar;C:\Users\luisl\.m2\repository\com\vaadin\vaadin-field-highlighter-flow\24.4.13\vaadin-field-highlighter-flow-24.4.13.jar;C:\Users\luisl\.m2\repository\com\vaadin\vaadin-grid-flow\24.4.13\vaadin-grid-flow-24.4.13.jar;C:\Users\luisl\.m2\repository\com\vaadin\vaadin-icons-flow\24.4.13\vaadin-icons-flow-24.4.13.jar;C:\Users\luisl\.m2\repository\com\vaadin\vaadin-virtual-list-flow\24.4.13\vaadin-virtual-list-flow-24.4.13.jar;C:\Users\luisl\.m2\repository\com\vaadin\vaadin-list-box-flow\24.4.13\vaadin-list-box-flow-24.4.13.jar;C:\Users\luisl\.m2\repository\com\vaadin\vaadin-login-flow\24.4.13\vaadin-login-flow-24.4.13.jar;C:\Users\luisl\.m2\repository\com\vaadin\vaadin-messages-flow\24.4.13\vaadin-messages-flow-24.4.13.jar;C:\Users\luisl\.m2\repository\com\vaadin\vaadin-ordered-layout-flow\24.4.13\vaadin-ordered-layout-flow-24.4.13.jar;C:\Users\luisl\.m2\repository\com\vaadin\vaadin-progress-bar-flow\24.4.13\vaadin-progress-bar-flow-24.4.13.jar;C:\Users\luisl\.m2\repository\com\vaadin\vaadin-radio-button-flow\24.4.13\vaadin-radio-button-flow-24.4.13.jar;C:\Users\luisl\.m2\repository\com\vaadin\vaadin-renderer-flow\24.4.13\vaadin-renderer-flow-24.4.13.jar;C:\Users\luisl\.m2\repository\com\vaadin\vaadin-split-layout-flow\24.4.13\vaadin-split-layout-flow-24.4.13.jar;C:\Users\luisl\.m2\repository\com\vaadin\vaadin-tabs-flow\24.4.13\vaadin-tabs-flow-24.4.13.jar;C:\Users\luisl\.m2\repository\com\vaadin\vaadin-text-field-flow\24.4.13\vaadin-text-field-flow-24.4.13.jar;C:\Users\luisl\.m2\repository\com\vaadin\vaadin-upload-flow\24.4.13\vaadin-upload-flow-24.4.13.jar;C:\Users\luisl\.m2\repository\com\vaadin\vaadin-notification-flow\24.4.13\vaadin-notification-flow-24.4.13.jar;C:\Users\luisl\.m2\repository\com\vaadin\vaadin-app-layout-flow\24.4.13\vaadin-app-layout-flow-24.4.13.jar;C:\Users\luisl\.m2\repository\com\vaadin\vaadin-context-menu-flow\24.4.13\vaadin-context-menu-flow-24.4.13.jar;C:\Users\luisl\.m2\repository\com\vaadin\vaadin-menu-bar-flow\24.4.13\vaadin-menu-bar-flow-24.4.13.jar;C:\Users\luisl\.m2\repository\com\vaadin\vaadin-dev\24.4.13\vaadin-dev-24.4.13.jar;C:\Users\luisl\.m2\repository\com\vaadin\vaadin-dev-server\24.4.9\vaadin-dev-server-24.4.9.jar;C:\Users\luisl\.m2\repository\com\vaadin\license-checker\1.12.14\license-checker-1.12.14.jar;C:\Users\luisl\.m2\repository\com\github\oshi\oshi-core\6.4.10\oshi-core-6.4.10.jar;C:\Users\luisl\.m2\repository\net\java\dev\jna\jna\5.14.0\jna-5.14.0.jar;C:\Users\luisl\.m2\repository\net\java\dev\jna\jna-platform\5.14.0\jna-platform-5.14.0.jar;C:\Users\luisl\.m2\repository\com\nimbusds\nimbus-jose-jwt\9.37.3\nimbus-jose-jwt-9.37.3.jar;C:\Users\luisl\.m2\repository\org\lucee\jcip-annotations\1.0.0\jcip-annotations-1.0.0.jar;C:\Users\luisl\.m2\repository\com\vaadin\open\8.5.0.1\open-8.5.0.1.jar;C:\Users\luisl\.m2\repository\com\github\javaparser\javaparser-core\3.25.10\javaparser-core-3.25.10.jar;C:\Users\luisl\.m2\repository\io\methvin\directory-watcher\0.18.0\directory-watcher-0.18.0.jar;C:\Users\luisl\.m2\repository\com\vaadin\vaadin-dev-bundle\24.4.13\vaadin-dev-bundle-24.4.13.jar;C:\Users\luisl\.m2\repository\com\vaadin\hilla-dev\24.4.9\hilla-dev-24.4.9.jar;C:\Users\luisl\.m2\repository\com\vaadin\copilot\24.4.14\copilot-24.4.14.jar;C:\Users\luisl\.m2\repository\io\projectreactor\netty\reactor-netty\1.1.10\reactor-netty-1.1.10.jar;C:\Users\luisl\.m2\repository\io\projectreactor\netty\reactor-netty-core\1.1.10\reactor-netty-core-1.1.10.jar;C:\Users\luisl\.m2\repository\io\netty\netty-resolver-dns\4.1.97.Final\netty-resolver-dns-4.1.97.Final.jar;C:\Users\luisl\.m2\repository\io\netty\netty-codec-dns\4.1.97.Final\netty-codec-dns-4.1.97.Final.jar;C:\Users\luisl\.m2\repository\io\netty\netty-resolver-dns-native-macos\4.1.97.Final\netty-resolver-dns-native-macos-4.1.97.Final-osx-x86_64.jar;C:\Users\luisl\.m2\repository\io\netty\netty-resolver-dns-classes-macos\4.1.97.Final\netty-resolver-dns-classes-macos-4.1.97.Final.jar;C:\Users\luisl\.m2\repository\io\projectreactor\netty\reactor-netty-http\1.1.10\reactor-netty-http-1.1.10.jar;C:\Users\luisl\.m2\repository\io\netty\netty-codec-http2\4.1.97.Final\netty-codec-http2-4.1.97.Final.jar;C:\Users\luisl\.m2\repository\io\projectreactor\netty\incubator\reactor-netty-incubator-quic\0.1.10\reactor-netty-incubator-quic-0.1.10.jar;C:\Users\luisl\.m2\repository\io\netty\incubator\netty-incubator-codec-native-quic\0.0.49.Final\netty-incubator-codec-native-quic-0.0.49.Final-linux-x86_64.jar;C:\Users\luisl\.m2\repository\io\netty\incubator\netty-incubator-codec-classes-quic\0.0.49.Final\netty-incubator-codec-classes-quic-0.0.49.Final.jar;C:\Users\luisl\.m2\repository\org\apache\commons\commons-configuration2\2.11.0\commons-configuration2-2.11.0.jar;C:\Users\luisl\.m2\repository\org\apache\commons\commons-text\1.12.0\commons-text-1.12.0.jar;C:\Users\luisl\.m2\repository\com\vaadin\hilla\24.4.9\hilla-24.4.9.jar;C:\Users\luisl\.m2\repository\com\vaadin\hilla-endpoint\24.4.9\hilla-endpoint-24.4.9.jar;C:\Users\luisl\.m2\repository\com\vaadin\hilla-engine-core\24.4.9\hilla-engine-core-24.4.9.jar;C:\Users\luisl\.m2\repository\com\vaadin\hilla-parser-jvm-core\24.4.9\hilla-parser-jvm-core-24.4.9.jar;C:\Users\luisl\.m2\repository\io\github\classgraph\classgraph\4.8.171\classgraph-4.8.171.jar;C:\Users\luisl\.m2\repository\com\fasterxml\jackson\dataformat\jackson-dataformat-yaml\2.15.2\jackson-dataformat-yaml-2.15.2.jar;C:\Users\luisl\.m2\repository\com\vaadin\hilla-parser-jvm-plugin-backbone\24.4.9\hilla-parser-jvm-plugin-backbone-24.4.9.jar;C:\Users\luisl\.m2\repository\com\vaadin\hilla-parser-jvm-plugin-nonnull\24.4.9\hilla-parser-jvm-plugin-nonnull-24.4.9.jar;C:\Users\luisl\.m2\repository\com\vaadin\hilla-parser-jvm-plugin-subtypes\24.4.9\hilla-parser-jvm-plugin-subtypes-24.4.9.jar;C:\Users\luisl\.m2\repository\com\vaadin\hilla-parser-jvm-plugin-model\24.4.9\hilla-parser-jvm-plugin-model-24.4.9.jar;C:\Users\luisl\.m2\repository\com\vaadin\hilla-parser-jvm-plugin-transfertypes\24.4.9\hilla-parser-jvm-plugin-transfertypes-24.4.9.jar;C:\Users\luisl\.m2\repository\org\springframework\data\spring-data-commons\3.1.3\spring-data-commons-3.1.3.jar;C:\Users\luisl\.m2\repository\io\projectreactor\reactor-core\3.5.9\reactor-core-3.5.9.jar;C:\Users\luisl\.m2\repository\com\fasterxml\jackson\module\jackson-module-parameter-names\2.15.2\jackson-module-parameter-names-2.15.2.jar;C:\Users\luisl\.m2\repository\com\fasterxml\jackson\datatype\jackson-datatype-jdk8\2.15.2\jackson-datatype-jdk8-2.15.2.jar;C:\Users\luisl\.m2\repository\org\springframework\security\spring-security-core\6.1.3\spring-security-core-6.1.3.jar;C:\Users\luisl\.m2\repository\org\springframework\security\spring-security-crypto\6.1.3\spring-security-crypto-6.1.3.jar;C:\Users\luisl\.m2\repository\com\github\javaparser\javaparser-symbol-solver-core\3.25.10\javaparser-symbol-solver-core-3.25.10.jar;C:\Users\luisl\.m2\repository\com\vaadin\hilla-parser-jvm-utils\24.4.9\hilla-parser-jvm-utils-24.4.9.jar;C:\Users\luisl\.m2\repository\io\swagger\core\v3\swagger-core\2.2.22\swagger-core-2.2.22.jar;C:\Users\luisl\.m2\repository\io\swagger\core\v3\swagger-annotations\2.2.22\swagger-annotations-2.2.22.jar;C:\Users\luisl\.m2\repository\io\swagger\core\v3\swagger-models\2.2.22\swagger-models-2.2.22.jar;C:\Users\luisl\.m2\repository\com\vaadin\hilla-runtime-plugin-transfertypes\24.4.9\hilla-runtime-plugin-transfertypes-24.4.9.jar;C:\Users\luisl\.m2\repository\com\vaadin\hilla-engine-runtime\24.4.9\hilla-engine-runtime-24.4.9.jar;C:\Users\luisl\.m2\repository\org\springframework\boot\spring-boot-starter-web\3.1.3\spring-boot-starter-web-3.1.3.jar;C:\Users\luisl\.m2\repository\org\springframework\boot\spring-boot-starter-json\3.1.3\spring-boot-starter-json-3.1.3.jar;C:\Users\luisl\.m2\repository\org\springframework\boot\spring-boot-starter-tomcat\3.1.3\spring-boot-starter-tomcat-3.1.3.jar;C:\Users\luisl\.m2\repository\org\apache\tomcat\embed\tomcat-embed-core\10.1.12\tomcat-embed-core-10.1.12.jar;C:\Users\luisl\.m2\repository\org\apache\tomcat\embed\tomcat-embed-el\10.1.12\tomcat-embed-el-10.1.12.jar;C:\Users\luisl\.m2\repository\org\apache\tomcat\embed\tomcat-embed-websocket\10.1.12\tomcat-embed-websocket-10.1.12.jar;C:\Users\luisl\.m2\repository\org\springframework\spring-web\6.0.11\spring-web-6.0.11.jar;C:\Users\luisl\.m2\repository\io\micrometer\micrometer-observation\1.11.3\micrometer-observation-1.11.3.jar;C:\Users\luisl\.m2\repository\io\micrometer\micrometer-commons\1.11.3\micrometer-commons-1.11.3.jar;C:\Users\luisl\.m2\repository\org\springframework\boot\spring-boot-starter-test\2.5.6\spring-boot-starter-test-2.5.6.jar;C:\Users\luisl\.m2\repository\org\springframework\boot\spring-boot-starter\3.1.3\spring-boot-starter-3.1.3.jar;C:\Users\luisl\.m2\repository\org\springframework\boot\spring-boot\3.1.3\spring-boot-3.1.3.jar;C:\Users\luisl\.m2\repository\org\springframework\boot\spring-boot-autoconfigure\3.1.3\spring-boot-autoconfigure-3.1.3.jar;C:\Users\luisl\.m2\repository\org\springframework\boot\spring-boot-starter-logging\3.1.3\spring-boot-starter-logging-3.1.3.jar;C:\Users\luisl\.m2\repository\ch\qos\logback\logback-classic\1.4.11\logback-classic-1.4.11.jar;C:\Users\luisl\.m2\repository\ch\qos\logback\logback-core\1.4.11\logback-core-1.4.11.jar;C:\Users\luisl\.m2\repository\org\apache\logging\log4j\log4j-to-slf4j\2.20.0\log4j-to-slf4j-2.20.0.jar;C:\Users\luisl\.m2\repository\org\apache\logging\log4j\log4j-api\2.20.0\log4j-api-2.20.0.jar;C:\Users\luisl\.m2\repository\org\slf4j\jul-to-slf4j\2.0.7\jul-to-slf4j-2.0.7.jar;C:\Users\luisl\.m2\repository\jakarta\annotation\jakarta.annotation-api\2.1.1\jakarta.annotation-api-2.1.1.jar;C:\Users\luisl\.m2\repository\org\yaml\snakeyaml\1.33\snakeyaml-1.33.jar;C:\Users\luisl\.m2\repository\org\springframework\boot\spring-boot-test\3.1.3\spring-boot-test-3.1.3.jar;C:\Users\luisl\.m2\repository\org\springframework\boot\spring-boot-test-autoconfigure\3.1.3\spring-boot-test-autoconfigure-3.1.3.jar;C:\Users\luisl\.m2\repository\com\jayway\jsonpath\json-path\2.8.0\json-path-2.8.0.jar;C:\Users\luisl\.m2\repository\net\minidev\json-smart\2.4.11\json-smart-2.4.11.jar;C:\Users\luisl\.m2\repository\net\minidev\accessors-smart\2.4.11\accessors-smart-2.4.11.jar;C:\Users\luisl\.m2\repository\org\slf4j\slf4j-api\2.0.7\slf4j-api-2.0.7.jar;C:\Users\luisl\.m2\repository\jakarta\xml\bind\jakarta.xml.bind-api\4.0.0\jakarta.xml.bind-api-4.0.0.jar;C:\Users\luisl\.m2\repository\jakarta\activation\jakarta.activation-api\2.1.2\jakarta.activation-api-2.1.2.jar;C:\Users\luisl\.m2\repository\org\assertj\assertj-core\3.24.2\assertj-core-3.24.2.jar;C:\Users\luisl\.m2\repository\org\hamcrest\hamcrest\2.2\hamcrest-2.2.jar;C:\Users\luisl\.m2\repository\org\mockito\mockito-core\5.3.1\mockito-core-5.3.1.jar;C:\Users\luisl\.m2\repository\net\bytebuddy\byte-buddy-agent\1.14.6\byte-buddy-agent-1.14.6.jar;C:\Users\luisl\.m2\repository\org\objenesis\objenesis\3.3\objenesis-3.3.jar;C:\Users\luisl\.m2\repository\org\mockito\mockito-junit-jupiter\5.3.1\mockito-junit-jupiter-5.3.1.jar;C:\Users\luisl\.m2\repository\org\skyscreamer\jsonassert\1.5.1\jsonassert-1.5.1.jar;C:\Users\luisl\.m2\repository\com\vaadin\external\google\android-json\0.0.20131108.vaadin1\android-json-0.0.20131108.vaadin1.jar;C:\Users\luisl\.m2\repository\org\springframework\spring-core\6.0.11\spring-core-6.0.11.jar;C:\Users\luisl\.m2\repository\org\springframework\spring-jcl\6.0.11\spring-jcl-6.0.11.jar;C:\Users\luisl\.m2\repository\org\springframework\spring-test\6.0.11\spring-test-6.0.11.jar;C:\Users\luisl\.m2\repository\org\xmlunit\xmlunit-core\2.9.1\xmlunit-core-2.9.1.jar;C:\Users\luisl\.m2\repository\org\junit\jupiter\junit-jupiter\5.8.1\junit-jupiter-5.8.1.jar;C:\Users\luisl\.m2\repository\org\junit\jupiter\junit-jupiter-api\5.9.3\junit-jupiter-api-5.9.3.jar;C:\Users\luisl\.m2\repository\org\opentest4j\opentest4j\1.2.0\opentest4j-1.2.0.jar;C:\Users\luisl\.m2\repository\org\junit\platform\junit-platform-commons\1.9.3\junit-platform-commons-1.9.3.jar;C:\Users\luisl\.m2\repository\org\apiguardian\apiguardian-api\1.1.2\apiguardian-api-1.1.2.jar;C:\Users\luisl\.m2\repository\org\junit\jupiter\junit-jupiter-params\5.9.3\junit-jupiter-params-5.9.3.jar;C:\Users\luisl\.m2\repository\org\junit\jupiter\junit-jupiter-engine\5.9.3\junit-jupiter-engine-5.9.3.jar;C:\Users\luisl\.m2\repository\org\junit\platform\junit-platform-engine\1.9.3\junit-platform-engine-1.9.3.jar;"/>
    <property name="sun.cpu.endian" value="little"/>
    <property name="user.home" value="C:\Users\luisl"/>
    <property name="user.language" value="en"/>
    <property name="java.specification.vendor" value="Oracle Corporation"/>
    <property name="java.version.date" value="2024-07-16"/>
    <property name="java.home" value="D:\jdk-21.0.4.7-hotspot"/>
    <property name="file.separator" value="\"/>
    <property name="basedir" value="C:\Users\luisl\Desktop\calculator-vaadin\calculator-vaadin"/>
    <property name="java.vm.compressedOopsMode" value="Zero based"/>
    <property name="line.separator" value="&#10;"/>
    <property name="java.vm.specification.vendor" value="Oracle Corporation"/>
    <property name="java.specification.name" value="Java Platform API Specification"/>
    <property name="surefire.real.class.path" value="C:\Users\luisl\AppData\Local\Temp\surefire13023312127441587786\surefirebooter-20250125175834013_3.jar"/>
    <property name="user.script" value=""/>
    <property name="sun.management.compiler" value="HotSpot 64-Bit Tiered Compilers"/>
    <property name="java.runtime.version" value="21.0.4+7-LTS"/>
    <property name="user.name" value="luisl"/>
    <property name="stdout.encoding" value="Cp1252"/>
    <property name="path.separator" value=";"/>
    <property name="os.version" value="10.0"/>
    <property name="java.runtime.name" value="OpenJDK Runtime Environment"/>
    <property name="file.encoding" value="UTF-8"/>
    <property name="java.vm.name" value="OpenJDK 64-Bit Server VM"/>
    <property name="java.vendor.version" value="Temurin-21.0.4+7"/>
    <property name="localRepository" value="C:\Users\luisl\.m2\repository"/>
    <property name="java.vendor.url.bug" value="https://github.com/adoptium/adoptium-support/issues"/>
    <property name="java.io.tmpdir" value="C:\Users\luisl\AppData\Local\Temp\"/>
    <property name="java.version" value="21.0.4"/>
    <property name="user.dir" value="C:\Users\luisl\Desktop\calculator-vaadin\calculator-vaadin"/>
    <property name="os.arch" value="amd64"/>
    <property name="java.vm.specification.name" value="Java Virtual Machine Specification"/>
    <property name="user.language.format" value="pt"/>
    <property name="sun.os.patch.level" value=""/>
    <property name="native.encoding" value="Cp1252"/>
    <property name="java.library.path" value="D:\jdk-21.0.4.7-hotspot\bin;C:\WINDOWS\Sun\Java\bin;C:\WINDOWS\system32;C:\WINDOWS;C:\Python313\Scripts\;C:\Python313\;C:\Program Files\NVIDIA GPU Computing Toolkit\CUDA\v12.6\bin;C:\Program Files\NVIDIA GPU Computing Toolkit\CUDA\v12.6\libnvvp;D:\jdk-21.0.4.7-hotspot\bin;C:\WINDOWS\system32;C:\WINDOWS;C:\WINDOWS\System32\Wbem;C:\WINDOWS\System32\WindowsPowerShell\v1.0\;C:\WINDOWS\System32\OpenSSH\;C:\Program Files\Docker\Docker\resources\bin;C:\Program Files\NVIDIA Corporation\Nsight Compute 2024.3.1\;C:\Program Files (x86)\NVIDIA Corporation\PhysX\Common;D:\Program Files\Git\cmd;C:\Program Files\apache-maven-3.9.9\bin;D:\Program Files\Tesseract-OCR;C:\Program Files\Portugal Identity Card\;C:\ProgramData\chocolatey\bin;C:\Program Files\NVIDIA Corporation\NVIDIA app\NvDLISR;D:\Program Files\nodejs\;E:\Python\Scripts\;E:\Python\;C:\Users\luisl\AppData\Local\Microsoft\WindowsApps;C:\Users\luisl\AppData\Local\Programs\Microsoft VS Code\bin;C:\Users\luisl\AppData\Roaming\npm;E:\Windsurf\bin;;c:\Users\luisl\AppData\Roaming\Code\User\globalStorage\github.copilot-chat\debugCommand;."/>
    <property name="java.vm.info" value="mixed mode, sharing"/>
    <property name="stderr.encoding" value="Cp1252"/>
    <property name="java.vendor" value="Eclipse Adoptium"/>
    <property name="java.vm.version" value="21.0.4+7-LTS"/>
    <property name="sun.io.unicode.encoding" value="UnicodeLittle"/>
    <property name="java.class.version" value="65.0"/>
  </properties>
  <testcase name="testSquareRootOfNegativeNumber" classname="com.example.calculator.CalculatorTest" time="0.029"/>
  <testcase name="testMultiplication" classname="com.example.calculator.CalculatorTest" time="0.001"/>
  <testcase name="testAddition" classname="com.example.calculator.CalculatorTest" time="0.001"/>
  <testcase name="testDivisionByZero" classname="com.example.calculator.CalculatorTest" time="0.001"/>
  <testcase name="testDivision" classname="com.example.calculator.CalculatorTest" time="0"/>
  <testcase name="testSquareRoot" classname="com.example.calculator.CalculatorTest" time="0.001"/>
  <testcase name="testSubtraction" classname="com.example.calculator.CalculatorTest" time="0"/>
</testsuite>